13-Mar-2026 11:15:05.535 INFO [main] org.apache.catalina.startup.VersionLoggerListener.log Server version name:   Apache Tomcat/10.1.18
13-Mar-2026 11:15:05.540 INFO [main] org.apache.catalina.startup.VersionLoggerListener.log Server built:          Jan 5 2024 14:39:40 UTC
13-Mar-2026 11:15:05.540 INFO [main] org.apache.catalina.startup.VersionLoggerListener.log Server version number: 10.1.18.0
13-Mar-2026 11:15:05.541 INFO [main] org.apache.catalina.startup.VersionLoggerListener.log OS Name:               Linux
13-Mar-2026 11:15:05.541 INFO [main] org.apache.catalina.startup.VersionLoggerListener.log OS Version:            6.8.0-1044-azure
13-Mar-2026 11:15:05.541 INFO [main] org.apache.catalina.startup.VersionLoggerListener.log Architecture:          amd64
13-Mar-2026 11:15:05.541 INFO [main] org.apache.catalina.startup.VersionLoggerListener.log Java Home:             /usr/local/sdkman/candidates/java/25.0.1-ms
13-Mar-2026 11:15:05.542 INFO [main] org.apache.catalina.startup.VersionLoggerListener.log JVM Version:           25.0.1+8-LTS
13-Mar-2026 11:15:05.542 INFO [main] org.apache.catalina.startup.VersionLoggerListener.log JVM Vendor:            Microsoft
13-Mar-2026 11:15:05.542 INFO [main] org.apache.catalina.startup.VersionLoggerListener.log CATALINA_BASE:         /workspaces/Adv-Java_Assignment-2/apache-tomcat-10.1.18
13-Mar-2026 11:15:05.544 INFO [main] org.apache.catalina.startup.VersionLoggerListener.log CATALINA_HOME:         /workspaces/Adv-Java_Assignment-2/apache-tomcat-10.1.18
13-Mar-2026 11:15:05.560 INFO [main] org.apache.catalina.startup.VersionLoggerListener.log Command line argument: -Djava.util.logging.config.file=/workspaces/Adv-Java_Assignment-2/apache-tomcat-10.1.18/conf/logging.properties
13-Mar-2026 11:15:05.560 INFO [main] org.apache.catalina.startup.VersionLoggerListener.log Command line argument: -Djava.util.logging.manager=org.apache.juli.ClassLoaderLogManager
13-Mar-2026 11:15:05.560 INFO [main] org.apache.catalina.startup.VersionLoggerListener.log Command line argument: -Djdk.tls.ephemeralDHKeySize=2048
13-Mar-2026 11:15:05.560 INFO [main] org.apache.catalina.startup.VersionLoggerListener.log Command line argument: -Djava.protocol.handler.pkgs=org.apache.catalina.webresources
13-Mar-2026 11:15:05.561 INFO [main] org.apache.catalina.startup.VersionLoggerListener.log Command line argument: -Dorg.apache.catalina.security.SecurityListener.UMASK=0027
13-Mar-2026 11:15:05.561 INFO [main] org.apache.catalina.startup.VersionLoggerListener.log Command line argument: --add-opens=java.base/java.lang=ALL-UNNAMED
13-Mar-2026 11:15:05.561 INFO [main] org.apache.catalina.startup.VersionLoggerListener.log Command line argument: --add-opens=java.base/java.io=ALL-UNNAMED
13-Mar-2026 11:15:05.562 INFO [main] org.apache.catalina.startup.VersionLoggerListener.log Command line argument: --add-opens=java.base/java.util=ALL-UNNAMED
13-Mar-2026 11:15:05.562 INFO [main] org.apache.catalina.startup.VersionLoggerListener.log Command line argument: --add-opens=java.base/java.util.concurrent=ALL-UNNAMED
13-Mar-2026 11:15:05.562 INFO [main] org.apache.catalina.startup.VersionLoggerListener.log Command line argument: --add-opens=java.rmi/sun.rmi.transport=ALL-UNNAMED
13-Mar-2026 11:15:05.562 INFO [main] org.apache.catalina.startup.VersionLoggerListener.log Command line argument: -Dcatalina.base=/workspaces/Adv-Java_Assignment-2/apache-tomcat-10.1.18
13-Mar-2026 11:15:05.562 INFO [main] org.apache.catalina.startup.VersionLoggerListener.log Command line argument: -Dcatalina.home=/workspaces/Adv-Java_Assignment-2/apache-tomcat-10.1.18
13-Mar-2026 11:15:05.562 INFO [main] org.apache.catalina.startup.VersionLoggerListener.log Command line argument: -Djava.io.tmpdir=/workspaces/Adv-Java_Assignment-2/apache-tomcat-10.1.18/temp
13-Mar-2026 11:15:05.567 INFO [main] org.apache.catalina.core.AprLifecycleListener.lifecycleEvent The Apache Tomcat Native library which allows using OpenSSL was not found on the java.library.path: [/usr/java/packages/lib:/usr/lib64:/lib64:/lib:/usr/lib]
13-Mar-2026 11:15:06.213 INFO [main] org.apache.coyote.AbstractProtocol.init Initializing ProtocolHandler ["http-nio-8080"]
13-Mar-2026 11:15:06.268 INFO [main] org.apache.catalina.startup.Catalina.load Server initialization in [975] milliseconds
13-Mar-2026 11:15:06.317 INFO [main] org.apache.catalina.core.StandardService.startInternal Starting service [Catalina]
13-Mar-2026 11:15:06.317 INFO [main] org.apache.catalina.core.StandardEngine.startInternal Starting Servlet engine: [Apache Tomcat/10.1.18]
13-Mar-2026 11:15:06.328 INFO [main] org.apache.catalina.startup.HostConfig.deployDirectory Deploying web application directory [/workspaces/Adv-Java_Assignment-2/apache-tomcat-10.1.18/webapps/docs]
13-Mar-2026 11:15:06.732 INFO [main] org.apache.catalina.startup.HostConfig.deployDirectory Deployment of web application directory [/workspaces/Adv-Java_Assignment-2/apache-tomcat-10.1.18/webapps/docs] has finished in [399] ms
13-Mar-2026 11:15:06.732 INFO [main] org.apache.catalina.startup.HostConfig.deployDirectory Deploying web application directory [/workspaces/Adv-Java_Assignment-2/apache-tomcat-10.1.18/webapps/examples]
13-Mar-2026 11:15:07.326 INFO [main] org.apache.catalina.startup.HostConfig.deployDirectory Deployment of web application directory [/workspaces/Adv-Java_Assignment-2/apache-tomcat-10.1.18/webapps/examples] has finished in [593] ms
13-Mar-2026 11:15:07.326 INFO [main] org.apache.catalina.startup.HostConfig.deployDirectory Deploying web application directory [/workspaces/Adv-Java_Assignment-2/apache-tomcat-10.1.18/webapps/manager]
13-Mar-2026 11:15:07.365 INFO [main] org.apache.catalina.startup.HostConfig.deployDirectory Deployment of web application directory [/workspaces/Adv-Java_Assignment-2/apache-tomcat-10.1.18/webapps/manager] has finished in [38] ms
13-Mar-2026 11:15:07.366 INFO [main] org.apache.catalina.startup.HostConfig.deployDirectory Deploying web application directory [/workspaces/Adv-Java_Assignment-2/apache-tomcat-10.1.18/webapps/host-manager]
13-Mar-2026 11:15:07.425 INFO [main] org.apache.catalina.startup.HostConfig.deployDirectory Deployment of web application directory [/workspaces/Adv-Java_Assignment-2/apache-tomcat-10.1.18/webapps/host-manager] has finished in [60] ms
13-Mar-2026 11:15:07.428 INFO [main] org.apache.catalina.startup.HostConfig.deployDirectory Deploying web application directory [/workspaces/Adv-Java_Assignment-2/apache-tomcat-10.1.18/webapps/bookstore]
13-Mar-2026 11:15:07.514 INFO [main] org.apache.catalina.startup.HostConfig.deployDirectory Deployment of web application directory [/workspaces/Adv-Java_Assignment-2/apache-tomcat-10.1.18/webapps/bookstore] has finished in [86] ms
13-Mar-2026 11:15:07.514 INFO [main] org.apache.catalina.startup.HostConfig.deployDirectory Deploying web application directory [/workspaces/Adv-Java_Assignment-2/apache-tomcat-10.1.18/webapps/ROOT]
13-Mar-2026 11:15:07.545 INFO [main] org.apache.catalina.startup.HostConfig.deployDirectory Deployment of web application directory [/workspaces/Adv-Java_Assignment-2/apache-tomcat-10.1.18/webapps/ROOT] has finished in [31] ms
13-Mar-2026 11:15:07.550 INFO [main] org.apache.coyote.AbstractProtocol.start Starting ProtocolHandler ["http-nio-8080"]
13-Mar-2026 11:15:07.588 INFO [main] org.apache.catalina.startup.Catalina.start Server startup in [1318] milliseconds
